{"C:\\Users\\victor\\Desktop\\teste-api\\src\\app.js": {"path":"C:\\Users\\victor\\Desktop\\teste-api\\src\\app.js","statementMap":{"0":{"start":{"line":4,"column":12},"end":{"line":4,"column":21}},"1":{"start":{"line":5,"column":0},"end":{"line":5,"column":24}},"2":{"start":{"line":6,"column":0},"end":{"line":6,"column":12}}},"fnMap":{},"branchMap":{},"s":{"0":1,"1":1,"2":1},"f":{},"b":{},"_coverageSchema":"1a1c01bbd47fc00a2c39e90264f33305004495a9","hash":"f1ed68046d706d36ba99932f123dc09f756bad4e"}
,"C:\\Users\\victor\\Desktop\\teste-api\\src\\controllers\\autoresController.js": {"path":"C:\\Users\\victor\\Desktop\\teste-api\\src\\controllers\\autoresController.js","statementMap":{"0":{"start":{"line":4,"column":25},"end":{"line":11,"column":3}},"1":{"start":{"line":5,"column":4},"end":{"line":10,"column":5}},"2":{"start":{"line":6,"column":24},"end":{"line":6,"column":50}},"3":{"start":{"line":7,"column":6},"end":{"line":7,"column":45}},"4":{"start":{"line":9,"column":6},"end":{"line":9,"column":47}},"5":{"start":{"line":13,"column":28},"end":{"line":21,"column":3}},"6":{"start":{"line":14,"column":23},"end":{"line":14,"column":26}},"7":{"start":{"line":15,"column":4},"end":{"line":20,"column":5}},"8":{"start":{"line":16,"column":24},"end":{"line":16,"column":58}},"9":{"start":{"line":17,"column":6},"end":{"line":17,"column":45}},"10":{"start":{"line":19,"column":6},"end":{"line":19,"column":47}},"11":{"start":{"line":23,"column":26},"end":{"line":32,"column":3}},"12":{"start":{"line":24,"column":21},"end":{"line":24,"column":24}},"13":{"start":{"line":25,"column":18},"end":{"line":25,"column":33}},"14":{"start":{"line":26,"column":4},"end":{"line":31,"column":5}},"15":{"start":{"line":27,"column":23},"end":{"line":27,"column":48}},"16":{"start":{"line":28,"column":6},"end":{"line":28,"column":82}},"17":{"start":{"line":30,"column":6},"end":{"line":30,"column":47}},"18":{"start":{"line":34,"column":26},"end":{"line":45,"column":3}},"19":{"start":{"line":35,"column":23},"end":{"line":35,"column":26}},"20":{"start":{"line":36,"column":21},"end":{"line":36,"column":24}},"21":{"start":{"line":37,"column":4},"end":{"line":44,"column":5}},"22":{"start":{"line":38,"column":25},"end":{"line":38,"column":59}},"23":{"start":{"line":39,"column":24},"end":{"line":39,"column":61}},"24":{"start":{"line":40,"column":23},"end":{"line":40,"column":56}},"25":{"start":{"line":41,"column":6},"end":{"line":41,"column":86}},"26":{"start":{"line":43,"column":6},"end":{"line":43,"column":47}},"27":{"start":{"line":47,"column":24},"end":{"line":55,"column":3}},"28":{"start":{"line":48,"column":23},"end":{"line":48,"column":26}},"29":{"start":{"line":49,"column":4},"end":{"line":54,"column":5}},"30":{"start":{"line":50,"column":6},"end":{"line":50,"column":37}},"31":{"start":{"line":51,"column":6},"end":{"line":51,"column":65}},"32":{"start":{"line":53,"column":6},"end":{"line":53,"column":47}},"33":{"start":{"line":57,"column":32},"end":{"line":66,"column":3}},"34":{"start":{"line":58,"column":23},"end":{"line":58,"column":26}},"35":{"start":{"line":59,"column":4},"end":{"line":65,"column":5}},"36":{"start":{"line":60,"column":24},"end":{"line":60,"column":58}},"37":{"start":{"line":61,"column":26},"end":{"line":61,"column":68}},"38":{"start":{"line":62,"column":6},"end":{"line":62,"column":80}},"39":{"start":{"line":64,"column":6},"end":{"line":64,"column":47}}},"fnMap":{"0":{"name":"(anonymous_0)","decl":{"start":{"line":4,"column":25},"end":{"line":4,"column":26}},"loc":{"start":{"line":4,"column":43},"end":{"line":11,"column":3}},"line":4},"1":{"name":"(anonymous_1)","decl":{"start":{"line":13,"column":28},"end":{"line":13,"column":29}},"loc":{"start":{"line":13,"column":48},"end":{"line":21,"column":3}},"line":13},"2":{"name":"(anonymous_2)","decl":{"start":{"line":23,"column":26},"end":{"line":23,"column":27}},"loc":{"start":{"line":23,"column":46},"end":{"line":32,"column":3}},"line":23},"3":{"name":"(anonymous_3)","decl":{"start":{"line":34,"column":26},"end":{"line":34,"column":27}},"loc":{"start":{"line":34,"column":46},"end":{"line":45,"column":3}},"line":34},"4":{"name":"(anonymous_4)","decl":{"start":{"line":47,"column":24},"end":{"line":47,"column":25}},"loc":{"start":{"line":47,"column":44},"end":{"line":55,"column":3}},"line":47},"5":{"name":"(anonymous_5)","decl":{"start":{"line":57,"column":32},"end":{"line":57,"column":33}},"loc":{"start":{"line":57,"column":52},"end":{"line":66,"column":3}},"line":57}},"branchMap":{},"s":{"0":1,"1":0,"2":0,"3":0,"4":0,"5":1,"6":0,"7":0,"8":0,"9":0,"10":0,"11":1,"12":0,"13":0,"14":0,"15":0,"16":0,"17":0,"18":1,"19":0,"20":0,"21":0,"22":0,"23":0,"24":0,"25":0,"26":0,"27":1,"28":0,"29":0,"30":0,"31":0,"32":0,"33":1,"34":0,"35":0,"36":0,"37":0,"38":0,"39":0},"f":{"0":0,"1":0,"2":0,"3":0,"4":0,"5":0},"b":{},"_coverageSchema":"1a1c01bbd47fc00a2c39e90264f33305004495a9","hash":"092b1b7fb48cb8e1bc7923a411d2203c8b29df68"}
,"C:\\Users\\victor\\Desktop\\teste-api\\src\\controllers\\editorasController.js": {"path":"C:\\Users\\victor\\Desktop\\teste-api\\src\\controllers\\editorasController.js","statementMap":{"0":{"start":{"line":4,"column":26},"end":{"line":11,"column":3}},"1":{"start":{"line":5,"column":4},"end":{"line":10,"column":5}},"2":{"start":{"line":6,"column":24},"end":{"line":6,"column":53}},"3":{"start":{"line":7,"column":6},"end":{"line":7,"column":45}},"4":{"start":{"line":9,"column":6},"end":{"line":9,"column":47}},"5":{"start":{"line":13,"column":30},"end":{"line":21,"column":3}},"6":{"start":{"line":14,"column":23},"end":{"line":14,"column":26}},"7":{"start":{"line":15,"column":4},"end":{"line":20,"column":5}},"8":{"start":{"line":16,"column":24},"end":{"line":16,"column":60}},"9":{"start":{"line":17,"column":6},"end":{"line":17,"column":45}},"10":{"start":{"line":19,"column":6},"end":{"line":19,"column":47}},"11":{"start":{"line":23,"column":28},"end":{"line":38,"column":3}},"12":{"start":{"line":24,"column":21},"end":{"line":24,"column":24}},"13":{"start":{"line":25,"column":20},"end":{"line":25,"column":37}},"14":{"start":{"line":26,"column":4},"end":{"line":37,"column":5}},"15":{"start":{"line":27,"column":6},"end":{"line":29,"column":7}},"16":{"start":{"line":28,"column":8},"end":{"line":28,"column":65}},"17":{"start":{"line":30,"column":23},"end":{"line":30,"column":52}},"18":{"start":{"line":31,"column":6},"end":{"line":31,"column":84}},"19":{"start":{"line":33,"column":6},"end":{"line":35,"column":7}},"20":{"start":{"line":34,"column":8},"end":{"line":34,"column":49}},"21":{"start":{"line":36,"column":6},"end":{"line":36,"column":47}},"22":{"start":{"line":40,"column":28},"end":{"line":51,"column":3}},"23":{"start":{"line":41,"column":23},"end":{"line":41,"column":26}},"24":{"start":{"line":42,"column":21},"end":{"line":42,"column":24}},"25":{"start":{"line":43,"column":4},"end":{"line":50,"column":5}},"26":{"start":{"line":44,"column":27},"end":{"line":44,"column":63}},"27":{"start":{"line":45,"column":26},"end":{"line":45,"column":67}},"28":{"start":{"line":46,"column":23},"end":{"line":46,"column":60}},"29":{"start":{"line":47,"column":6},"end":{"line":47,"column":88}},"30":{"start":{"line":49,"column":6},"end":{"line":49,"column":47}},"31":{"start":{"line":53,"column":26},"end":{"line":61,"column":3}},"32":{"start":{"line":54,"column":23},"end":{"line":54,"column":26}},"33":{"start":{"line":55,"column":4},"end":{"line":60,"column":5}},"34":{"start":{"line":56,"column":6},"end":{"line":56,"column":39}},"35":{"start":{"line":57,"column":6},"end":{"line":57,"column":67}},"36":{"start":{"line":59,"column":6},"end":{"line":59,"column":47}},"37":{"start":{"line":63,"column":34},"end":{"line":72,"column":3}},"38":{"start":{"line":64,"column":23},"end":{"line":64,"column":26}},"39":{"start":{"line":65,"column":4},"end":{"line":71,"column":5}},"40":{"start":{"line":66,"column":24},"end":{"line":66,"column":60}},"41":{"start":{"line":67,"column":26},"end":{"line":67,"column":72}},"42":{"start":{"line":68,"column":6},"end":{"line":68,"column":82}},"43":{"start":{"line":70,"column":6},"end":{"line":70,"column":47}}},"fnMap":{"0":{"name":"(anonymous_0)","decl":{"start":{"line":4,"column":26},"end":{"line":4,"column":27}},"loc":{"start":{"line":4,"column":44},"end":{"line":11,"column":3}},"line":4},"1":{"name":"(anonymous_1)","decl":{"start":{"line":13,"column":30},"end":{"line":13,"column":31}},"loc":{"start":{"line":13,"column":50},"end":{"line":21,"column":3}},"line":13},"2":{"name":"(anonymous_2)","decl":{"start":{"line":23,"column":28},"end":{"line":23,"column":29}},"loc":{"start":{"line":23,"column":48},"end":{"line":38,"column":3}},"line":23},"3":{"name":"(anonymous_3)","decl":{"start":{"line":40,"column":28},"end":{"line":40,"column":29}},"loc":{"start":{"line":40,"column":48},"end":{"line":51,"column":3}},"line":40},"4":{"name":"(anonymous_4)","decl":{"start":{"line":53,"column":26},"end":{"line":53,"column":27}},"loc":{"start":{"line":53,"column":46},"end":{"line":61,"column":3}},"line":53},"5":{"name":"(anonymous_5)","decl":{"start":{"line":63,"column":34},"end":{"line":63,"column":35}},"loc":{"start":{"line":63,"column":54},"end":{"line":72,"column":3}},"line":63}},"branchMap":{"0":{"loc":{"start":{"line":27,"column":6},"end":{"line":29,"column":7}},"type":"if","locations":[{"start":{"line":27,"column":6},"end":{"line":29,"column":7}},{"start":{},"end":{}}],"line":27},"1":{"loc":{"start":{"line":33,"column":6},"end":{"line":35,"column":7}},"type":"if","locations":[{"start":{"line":33,"column":6},"end":{"line":35,"column":7}},{"start":{},"end":{}}],"line":33}},"s":{"0":1,"1":1,"2":1,"3":1,"4":0,"5":1,"6":1,"7":1,"8":1,"9":1,"10":0,"11":1,"12":2,"13":2,"14":2,"15":2,"16":1,"17":1,"18":1,"19":1,"20":1,"21":0,"22":1,"23":3,"24":3,"25":3,"26":3,"27":3,"28":3,"29":3,"30":0,"31":1,"32":1,"33":1,"34":1,"35":1,"36":0,"37":1,"38":0,"39":0,"40":0,"41":0,"42":0,"43":0},"f":{"0":1,"1":1,"2":2,"3":3,"4":1,"5":0},"b":{"0":[1,1],"1":[1,0]},"_coverageSchema":"1a1c01bbd47fc00a2c39e90264f33305004495a9","hash":"dd3047ce1e288cf0311be9607ac435d2f3969927"}
,"C:\\Users\\victor\\Desktop\\teste-api\\src\\controllers\\livrosController.js": {"path":"C:\\Users\\victor\\Desktop\\teste-api\\src\\controllers\\livrosController.js","statementMap":{"0":{"start":{"line":4,"column":24},"end":{"line":11,"column":3}},"1":{"start":{"line":5,"column":4},"end":{"line":10,"column":5}},"2":{"start":{"line":6,"column":24},"end":{"line":6,"column":49}},"3":{"start":{"line":7,"column":6},"end":{"line":7,"column":45}},"4":{"start":{"line":9,"column":6},"end":{"line":9,"column":47}},"5":{"start":{"line":13,"column":28},"end":{"line":21,"column":3}},"6":{"start":{"line":14,"column":23},"end":{"line":14,"column":26}},"7":{"start":{"line":15,"column":4},"end":{"line":20,"column":5}},"8":{"start":{"line":16,"column":24},"end":{"line":16,"column":58}},"9":{"start":{"line":17,"column":6},"end":{"line":17,"column":45}},"10":{"start":{"line":19,"column":6},"end":{"line":19,"column":47}},"11":{"start":{"line":23,"column":26},"end":{"line":32,"column":3}},"12":{"start":{"line":24,"column":21},"end":{"line":24,"column":24}},"13":{"start":{"line":25,"column":18},"end":{"line":25,"column":33}},"14":{"start":{"line":26,"column":4},"end":{"line":31,"column":5}},"15":{"start":{"line":27,"column":23},"end":{"line":27,"column":48}},"16":{"start":{"line":28,"column":6},"end":{"line":28,"column":82}},"17":{"start":{"line":30,"column":6},"end":{"line":30,"column":47}},"18":{"start":{"line":34,"column":26},"end":{"line":45,"column":3}},"19":{"start":{"line":35,"column":23},"end":{"line":35,"column":26}},"20":{"start":{"line":36,"column":21},"end":{"line":36,"column":24}},"21":{"start":{"line":37,"column":4},"end":{"line":44,"column":5}},"22":{"start":{"line":38,"column":25},"end":{"line":38,"column":59}},"23":{"start":{"line":39,"column":24},"end":{"line":39,"column":61}},"24":{"start":{"line":40,"column":23},"end":{"line":40,"column":56}},"25":{"start":{"line":41,"column":6},"end":{"line":41,"column":86}},"26":{"start":{"line":43,"column":6},"end":{"line":43,"column":47}},"27":{"start":{"line":47,"column":24},"end":{"line":55,"column":3}},"28":{"start":{"line":48,"column":23},"end":{"line":48,"column":26}},"29":{"start":{"line":49,"column":4},"end":{"line":54,"column":5}},"30":{"start":{"line":50,"column":6},"end":{"line":50,"column":37}},"31":{"start":{"line":51,"column":6},"end":{"line":51,"column":65}},"32":{"start":{"line":53,"column":6},"end":{"line":53,"column":47}}},"fnMap":{"0":{"name":"(anonymous_0)","decl":{"start":{"line":4,"column":24},"end":{"line":4,"column":25}},"loc":{"start":{"line":4,"column":42},"end":{"line":11,"column":3}},"line":4},"1":{"name":"(anonymous_1)","decl":{"start":{"line":13,"column":28},"end":{"line":13,"column":29}},"loc":{"start":{"line":13,"column":48},"end":{"line":21,"column":3}},"line":13},"2":{"name":"(anonymous_2)","decl":{"start":{"line":23,"column":26},"end":{"line":23,"column":27}},"loc":{"start":{"line":23,"column":46},"end":{"line":32,"column":3}},"line":23},"3":{"name":"(anonymous_3)","decl":{"start":{"line":34,"column":26},"end":{"line":34,"column":27}},"loc":{"start":{"line":34,"column":46},"end":{"line":45,"column":3}},"line":34},"4":{"name":"(anonymous_4)","decl":{"start":{"line":47,"column":24},"end":{"line":47,"column":25}},"loc":{"start":{"line":47,"column":44},"end":{"line":55,"column":3}},"line":47}},"branchMap":{},"s":{"0":1,"1":0,"2":0,"3":0,"4":0,"5":1,"6":0,"7":0,"8":0,"9":0,"10":0,"11":1,"12":0,"13":0,"14":0,"15":0,"16":0,"17":0,"18":1,"19":0,"20":0,"21":0,"22":0,"23":0,"24":0,"25":0,"26":0,"27":1,"28":0,"29":0,"30":0,"31":0,"32":0},"f":{"0":0,"1":0,"2":0,"3":0,"4":0},"b":{},"_coverageSchema":"1a1c01bbd47fc00a2c39e90264f33305004495a9","hash":"8c929214117280e5734d2a6cb0ad9d32ed610200"}
,"C:\\Users\\victor\\Desktop\\teste-api\\src\\db\\dbconfig.js": {"path":"C:\\Users\\victor\\Desktop\\teste-api\\src\\db\\dbconfig.js","statementMap":{"0":{"start":{"line":5,"column":19},"end":{"line":5,"column":49}},"1":{"start":{"line":6,"column":18},"end":{"line":6,"column":42}},"2":{"start":{"line":8,"column":11},"end":{"line":14,"column":2}}},"fnMap":{},"branchMap":{},"s":{"0":2,"1":2,"2":2},"f":{},"b":{},"_coverageSchema":"1a1c01bbd47fc00a2c39e90264f33305004495a9","hash":"07d2e58c74ce0a8a1dd7a42aefa897c4c2aa08c0"}
,"C:\\Users\\victor\\Desktop\\teste-api\\src\\models\\autor.js": {"path":"C:\\Users\\victor\\Desktop\\teste-api\\src\\models\\autor.js","statementMap":{"0":{"start":{"line":13,"column":4},"end":{"line":13,"column":25}},"1":{"start":{"line":14,"column":4},"end":{"line":14,"column":21}},"2":{"start":{"line":15,"column":4},"end":{"line":15,"column":39}},"3":{"start":{"line":16,"column":4},"end":{"line":16,"column":61}},"4":{"start":{"line":17,"column":4},"end":{"line":17,"column":61}},"5":{"start":{"line":21,"column":4},"end":{"line":21,"column":42}},"6":{"start":{"line":25,"column":22},"end":{"line":25,"column":72}},"7":{"start":{"line":26,"column":4},"end":{"line":26,"column":24}},"8":{"start":{"line":30,"column":4},"end":{"line":33,"column":72}},"9":{"start":{"line":31,"column":32},"end":{"line":32,"column":39}},"10":{"start":{"line":33,"column":37},"end":{"line":33,"column":70}},"11":{"start":{"line":38,"column":4},"end":{"line":40,"column":65}},"12":{"start":{"line":42,"column":4},"end":{"line":42,"column":56}},"13":{"start":{"line":47,"column":4},"end":{"line":49,"column":13}},"14":{"start":{"line":56,"column":4},"end":{"line":59,"column":5}},"15":{"start":{"line":57,"column":24},"end":{"line":57,"column":53}},"16":{"start":{"line":58,"column":6},"end":{"line":58,"column":23}},"17":{"start":{"line":60,"column":22},"end":{"line":60,"column":40}},"18":{"start":{"line":61,"column":4},"end":{"line":61,"column":21}},"19":{"start":{"line":65,"column":4},"end":{"line":66,"column":36}}},"fnMap":{"0":{"name":"(anonymous_0)","decl":{"start":{"line":6,"column":2},"end":{"line":6,"column":3}},"loc":{"start":{"line":12,"column":5},"end":{"line":18,"column":3}},"line":12},"1":{"name":"(anonymous_1)","decl":{"start":{"line":20,"column":2},"end":{"line":20,"column":3}},"loc":{"start":{"line":20,"column":30},"end":{"line":22,"column":3}},"line":20},"2":{"name":"(anonymous_2)","decl":{"start":{"line":24,"column":2},"end":{"line":24,"column":3}},"loc":{"start":{"line":24,"column":31},"end":{"line":27,"column":3}},"line":24},"3":{"name":"(anonymous_3)","decl":{"start":{"line":29,"column":2},"end":{"line":29,"column":3}},"loc":{"start":{"line":29,"column":16},"end":{"line":34,"column":3}},"line":29},"4":{"name":"(anonymous_4)","decl":{"start":{"line":31,"column":12},"end":{"line":31,"column":13}},"loc":{"start":{"line":31,"column":32},"end":{"line":32,"column":39}},"line":31},"5":{"name":"(anonymous_5)","decl":{"start":{"line":33,"column":12},"end":{"line":33,"column":13}},"loc":{"start":{"line":33,"column":37},"end":{"line":33,"column":70}},"line":33},"6":{"name":"(anonymous_6)","decl":{"start":{"line":36,"column":2},"end":{"line":36,"column":3}},"loc":{"start":{"line":36,"column":22},"end":{"line":43,"column":3}},"line":36},"7":{"name":"(anonymous_7)","decl":{"start":{"line":45,"column":2},"end":{"line":45,"column":3}},"loc":{"start":{"line":45,"column":27},"end":{"line":50,"column":3}},"line":45},"8":{"name":"(anonymous_8)","decl":{"start":{"line":52,"column":2},"end":{"line":52,"column":3}},"loc":{"start":{"line":52,"column":17},"end":{"line":62,"column":3}},"line":52},"9":{"name":"(anonymous_9)","decl":{"start":{"line":64,"column":2},"end":{"line":64,"column":3}},"loc":{"start":{"line":64,"column":44},"end":{"line":67,"column":3}},"line":64}},"branchMap":{"0":{"loc":{"start":{"line":13,"column":14},"end":{"line":13,"column":24}},"type":"binary-expr","locations":[{"start":{"line":13,"column":14},"end":{"line":13,"column":18}},{"start":{"line":13,"column":22},"end":{"line":13,"column":24}}],"line":13},"1":{"loc":{"start":{"line":16,"column":22},"end":{"line":16,"column":60}},"type":"binary-expr","locations":[{"start":{"line":16,"column":22},"end":{"line":16,"column":32}},{"start":{"line":16,"column":36},"end":{"line":16,"column":60}}],"line":16},"2":{"loc":{"start":{"line":17,"column":22},"end":{"line":17,"column":60}},"type":"binary-expr","locations":[{"start":{"line":17,"column":22},"end":{"line":17,"column":32}},{"start":{"line":17,"column":36},"end":{"line":17,"column":60}}],"line":17},"3":{"loc":{"start":{"line":56,"column":4},"end":{"line":59,"column":5}},"type":"if","locations":[{"start":{"line":56,"column":4},"end":{"line":59,"column":5}},{"start":{},"end":{}}],"line":56}},"s":{"0":0,"1":0,"2":0,"3":0,"4":0,"5":0,"6":0,"7":0,"8":0,"9":0,"10":0,"11":0,"12":0,"13":0,"14":0,"15":0,"16":0,"17":0,"18":0,"19":0},"f":{"0":0,"1":0,"2":0,"3":0,"4":0,"5":0,"6":0,"7":0,"8":0,"9":0},"b":{"0":[0,0],"1":[0,0],"2":[0,0],"3":[0,0]},"_coverageSchema":"1a1c01bbd47fc00a2c39e90264f33305004495a9","hash":"b18a34715443012478cc57ea332c090deb88f144"}
,"C:\\Users\\victor\\Desktop\\teste-api\\src\\models\\editora.js": {"path":"C:\\Users\\victor\\Desktop\\teste-api\\src\\models\\editora.js","statementMap":{"0":{"start":{"line":14,"column":4},"end":{"line":14,"column":25}},"1":{"start":{"line":15,"column":4},"end":{"line":15,"column":21}},"2":{"start":{"line":16,"column":4},"end":{"line":16,"column":25}},"3":{"start":{"line":17,"column":4},"end":{"line":17,"column":23}},"4":{"start":{"line":18,"column":4},"end":{"line":18,"column":61}},"5":{"start":{"line":19,"column":4},"end":{"line":19,"column":61}},"6":{"start":{"line":23,"column":4},"end":{"line":23,"column":43}},"7":{"start":{"line":27,"column":22},"end":{"line":27,"column":73}},"8":{"start":{"line":28,"column":4},"end":{"line":28,"column":24}},"9":{"start":{"line":32,"column":4},"end":{"line":35,"column":74}},"10":{"start":{"line":33,"column":32},"end":{"line":34,"column":39}},"11":{"start":{"line":35,"column":37},"end":{"line":35,"column":72}},"12":{"start":{"line":40,"column":4},"end":{"line":42,"column":65}},"13":{"start":{"line":44,"column":4},"end":{"line":44,"column":57}},"14":{"start":{"line":49,"column":4},"end":{"line":51,"column":13}},"15":{"start":{"line":58,"column":4},"end":{"line":60,"column":5}},"16":{"start":{"line":59,"column":6},"end":{"line":59,"column":37}},"17":{"start":{"line":61,"column":4},"end":{"line":61,"column":24}},"18":{"start":{"line":65,"column":4},"end":{"line":66,"column":40}}},"fnMap":{"0":{"name":"(anonymous_0)","decl":{"start":{"line":6,"column":2},"end":{"line":6,"column":3}},"loc":{"start":{"line":13,"column":5},"end":{"line":20,"column":3}},"line":13},"1":{"name":"(anonymous_1)","decl":{"start":{"line":22,"column":2},"end":{"line":22,"column":3}},"loc":{"start":{"line":22,"column":31},"end":{"line":24,"column":3}},"line":22},"2":{"name":"(anonymous_2)","decl":{"start":{"line":26,"column":2},"end":{"line":26,"column":3}},"loc":{"start":{"line":26,"column":31},"end":{"line":29,"column":3}},"line":26},"3":{"name":"(anonymous_3)","decl":{"start":{"line":31,"column":2},"end":{"line":31,"column":3}},"loc":{"start":{"line":31,"column":16},"end":{"line":36,"column":3}},"line":31},"4":{"name":"(anonymous_4)","decl":{"start":{"line":33,"column":12},"end":{"line":33,"column":13}},"loc":{"start":{"line":33,"column":32},"end":{"line":34,"column":39}},"line":33},"5":{"name":"(anonymous_5)","decl":{"start":{"line":35,"column":12},"end":{"line":35,"column":13}},"loc":{"start":{"line":35,"column":37},"end":{"line":35,"column":72}},"line":35},"6":{"name":"(anonymous_6)","decl":{"start":{"line":38,"column":2},"end":{"line":38,"column":3}},"loc":{"start":{"line":38,"column":22},"end":{"line":45,"column":3}},"line":38},"7":{"name":"(anonymous_7)","decl":{"start":{"line":47,"column":2},"end":{"line":47,"column":3}},"loc":{"start":{"line":47,"column":27},"end":{"line":52,"column":3}},"line":47},"8":{"name":"(anonymous_8)","decl":{"start":{"line":54,"column":2},"end":{"line":54,"column":3}},"loc":{"start":{"line":54,"column":17},"end":{"line":62,"column":3}},"line":54},"9":{"name":"(anonymous_9)","decl":{"start":{"line":64,"column":2},"end":{"line":64,"column":3}},"loc":{"start":{"line":64,"column":48},"end":{"line":67,"column":3}},"line":64}},"branchMap":{"0":{"loc":{"start":{"line":14,"column":14},"end":{"line":14,"column":24}},"type":"binary-expr","locations":[{"start":{"line":14,"column":14},"end":{"line":14,"column":18}},{"start":{"line":14,"column":22},"end":{"line":14,"column":24}}],"line":14},"1":{"loc":{"start":{"line":18,"column":22},"end":{"line":18,"column":60}},"type":"binary-expr","locations":[{"start":{"line":18,"column":22},"end":{"line":18,"column":32}},{"start":{"line":18,"column":36},"end":{"line":18,"column":60}}],"line":18},"2":{"loc":{"start":{"line":19,"column":22},"end":{"line":19,"column":60}},"type":"binary-expr","locations":[{"start":{"line":19,"column":22},"end":{"line":19,"column":32}},{"start":{"line":19,"column":36},"end":{"line":19,"column":60}}],"line":19},"3":{"loc":{"start":{"line":58,"column":4},"end":{"line":60,"column":5}},"type":"if","locations":[{"start":{"line":58,"column":4},"end":{"line":60,"column":5}},{"start":{},"end":{}}],"line":58}},"s":{"0":10,"1":10,"2":10,"3":10,"4":10,"5":10,"6":1,"7":5,"8":5,"9":2,"10":2,"11":2,"12":3,"13":3,"14":1,"15":5,"16":3,"17":2,"18":0},"f":{"0":10,"1":1,"2":5,"3":2,"4":2,"5":2,"6":3,"7":1,"8":5,"9":0},"b":{"0":[10,10],"1":[10,5],"2":[10,5],"3":[3,2]},"_coverageSchema":"1a1c01bbd47fc00a2c39e90264f33305004495a9","hash":"b6efccc163cdb1d5822c438c756d30c92c1f756f"}
,"C:\\Users\\victor\\Desktop\\teste-api\\src\\models\\livro.js": {"path":"C:\\Users\\victor\\Desktop\\teste-api\\src\\models\\livro.js","statementMap":{"0":{"start":{"line":15,"column":4},"end":{"line":15,"column":25}},"1":{"start":{"line":16,"column":4},"end":{"line":16,"column":25}},"2":{"start":{"line":17,"column":4},"end":{"line":17,"column":27}},"3":{"start":{"line":18,"column":4},"end":{"line":18,"column":33}},"4":{"start":{"line":19,"column":4},"end":{"line":19,"column":29}},"5":{"start":{"line":20,"column":4},"end":{"line":20,"column":61}},"6":{"start":{"line":21,"column":4},"end":{"line":21,"column":61}},"7":{"start":{"line":25,"column":4},"end":{"line":25,"column":41}},"8":{"start":{"line":29,"column":22},"end":{"line":29,"column":71}},"9":{"start":{"line":30,"column":4},"end":{"line":30,"column":24}},"10":{"start":{"line":34,"column":4},"end":{"line":37,"column":72}},"11":{"start":{"line":35,"column":32},"end":{"line":36,"column":39}},"12":{"start":{"line":37,"column":37},"end":{"line":37,"column":70}},"13":{"start":{"line":42,"column":4},"end":{"line":44,"column":65}},"14":{"start":{"line":46,"column":4},"end":{"line":46,"column":55}},"15":{"start":{"line":51,"column":4},"end":{"line":53,"column":13}},"16":{"start":{"line":60,"column":4},"end":{"line":63,"column":5}},"17":{"start":{"line":61,"column":24},"end":{"line":61,"column":53}},"18":{"start":{"line":62,"column":6},"end":{"line":62,"column":23}},"19":{"start":{"line":64,"column":22},"end":{"line":64,"column":40}},"20":{"start":{"line":65,"column":4},"end":{"line":65,"column":21}}},"fnMap":{"0":{"name":"(anonymous_0)","decl":{"start":{"line":6,"column":2},"end":{"line":6,"column":3}},"loc":{"start":{"line":14,"column":5},"end":{"line":22,"column":3}},"line":14},"1":{"name":"(anonymous_1)","decl":{"start":{"line":24,"column":2},"end":{"line":24,"column":3}},"loc":{"start":{"line":24,"column":29},"end":{"line":26,"column":3}},"line":24},"2":{"name":"(anonymous_2)","decl":{"start":{"line":28,"column":2},"end":{"line":28,"column":3}},"loc":{"start":{"line":28,"column":31},"end":{"line":31,"column":3}},"line":28},"3":{"name":"(anonymous_3)","decl":{"start":{"line":33,"column":2},"end":{"line":33,"column":3}},"loc":{"start":{"line":33,"column":16},"end":{"line":38,"column":3}},"line":33},"4":{"name":"(anonymous_4)","decl":{"start":{"line":35,"column":12},"end":{"line":35,"column":13}},"loc":{"start":{"line":35,"column":32},"end":{"line":36,"column":39}},"line":35},"5":{"name":"(anonymous_5)","decl":{"start":{"line":37,"column":12},"end":{"line":37,"column":13}},"loc":{"start":{"line":37,"column":37},"end":{"line":37,"column":70}},"line":37},"6":{"name":"(anonymous_6)","decl":{"start":{"line":40,"column":2},"end":{"line":40,"column":3}},"loc":{"start":{"line":40,"column":22},"end":{"line":47,"column":3}},"line":40},"7":{"name":"(anonymous_7)","decl":{"start":{"line":49,"column":2},"end":{"line":49,"column":3}},"loc":{"start":{"line":49,"column":27},"end":{"line":54,"column":3}},"line":49},"8":{"name":"(anonymous_8)","decl":{"start":{"line":56,"column":2},"end":{"line":56,"column":3}},"loc":{"start":{"line":56,"column":17},"end":{"line":66,"column":3}},"line":56}},"branchMap":{"0":{"loc":{"start":{"line":15,"column":14},"end":{"line":15,"column":24}},"type":"binary-expr","locations":[{"start":{"line":15,"column":14},"end":{"line":15,"column":18}},{"start":{"line":15,"column":22},"end":{"line":15,"column":24}}],"line":15},"1":{"loc":{"start":{"line":20,"column":22},"end":{"line":20,"column":60}},"type":"binary-expr","locations":[{"start":{"line":20,"column":22},"end":{"line":20,"column":32}},{"start":{"line":20,"column":36},"end":{"line":20,"column":60}}],"line":20},"2":{"loc":{"start":{"line":21,"column":22},"end":{"line":21,"column":60}},"type":"binary-expr","locations":[{"start":{"line":21,"column":22},"end":{"line":21,"column":32}},{"start":{"line":21,"column":36},"end":{"line":21,"column":60}}],"line":21},"3":{"loc":{"start":{"line":60,"column":4},"end":{"line":63,"column":5}},"type":"if","locations":[{"start":{"line":60,"column":4},"end":{"line":63,"column":5}},{"start":{},"end":{}}],"line":60}},"s":{"0":0,"1":0,"2":0,"3":0,"4":0,"5":0,"6":0,"7":0,"8":0,"9":0,"10":0,"11":0,"12":0,"13":0,"14":0,"15":0,"16":0,"17":0,"18":0,"19":0,"20":0},"f":{"0":0,"1":0,"2":0,"3":0,"4":0,"5":0,"6":0,"7":0,"8":0},"b":{"0":[0,0],"1":[0,0],"2":[0,0],"3":[0,0]},"_coverageSchema":"1a1c01bbd47fc00a2c39e90264f33305004495a9","hash":"45e8a3afc237fefd958fd6164e1b907dff7439ee"}
,"C:\\Users\\victor\\Desktop\\teste-api\\src\\routes\\autoresRoutes.js": {"path":"C:\\Users\\victor\\Desktop\\teste-api\\src\\routes\\autoresRoutes.js","statementMap":{"0":{"start":{"line":4,"column":15},"end":{"line":4,"column":31}},"1":{"start":{"line":6,"column":0},"end":{"line":12,"column":58}}},"fnMap":{},"branchMap":{},"s":{"0":1,"1":1},"f":{},"b":{},"_coverageSchema":"1a1c01bbd47fc00a2c39e90264f33305004495a9","hash":"1f9bc332fedb05b7bab69f94d3636f9eb3b4b1a1"}
,"C:\\Users\\victor\\Desktop\\teste-api\\src\\routes\\editorasRoutes.js": {"path":"C:\\Users\\victor\\Desktop\\teste-api\\src\\routes\\editorasRoutes.js","statementMap":{"0":{"start":{"line":4,"column":15},"end":{"line":4,"column":31}},"1":{"start":{"line":6,"column":0},"end":{"line":12,"column":62}}},"fnMap":{},"branchMap":{},"s":{"0":1,"1":1},"f":{},"b":{},"_coverageSchema":"1a1c01bbd47fc00a2c39e90264f33305004495a9","hash":"13d2577ae834217f7961f085ae29a98bec3a56d0"}
,"C:\\Users\\victor\\Desktop\\teste-api\\src\\routes\\index.js": {"path":"C:\\Users\\victor\\Desktop\\teste-api\\src\\routes\\index.js","statementMap":{"0":{"start":{"line":6,"column":15},"end":{"line":17,"column":1}},"1":{"start":{"line":7,"column":2},"end":{"line":9,"column":5}},"2":{"start":{"line":8,"column":4},"end":{"line":8,"column":54}},"3":{"start":{"line":11,"column":2},"end":{"line":16,"column":4}}},"fnMap":{"0":{"name":"(anonymous_0)","decl":{"start":{"line":6,"column":15},"end":{"line":6,"column":16}},"loc":{"start":{"line":6,"column":24},"end":{"line":17,"column":1}},"line":6},"1":{"name":"(anonymous_1)","decl":{"start":{"line":7,"column":21},"end":{"line":7,"column":22}},"loc":{"start":{"line":7,"column":33},"end":{"line":9,"column":3}},"line":7}},"branchMap":{},"s":{"0":1,"1":1,"2":0,"3":1},"f":{"0":1,"1":0},"b":{},"_coverageSchema":"1a1c01bbd47fc00a2c39e90264f33305004495a9","hash":"e0352dacf53a4f53a1774679ec3486b20f9d8603"}
,"C:\\Users\\victor\\Desktop\\teste-api\\src\\routes\\livrosRoutes.js": {"path":"C:\\Users\\victor\\Desktop\\teste-api\\src\\routes\\livrosRoutes.js","statementMap":{"0":{"start":{"line":4,"column":15},"end":{"line":4,"column":31}},"1":{"start":{"line":6,"column":0},"end":{"line":11,"column":56}}},"fnMap":{},"branchMap":{},"s":{"0":1,"1":1},"f":{},"b":{},"_coverageSchema":"1a1c01bbd47fc00a2c39e90264f33305004495a9","hash":"ca02d88cc136dd41ec0d11a235383727101be05f"}
}
